f:\perforce\server\server\servercore\x64\debug\servercore.pch
f:\perforce\server\server\libraries\libs\servercore\debug\servercore.pdb
f:\perforce\server\server\libraries\libs\servercore\debug\servercore.idb
f:\perforce\server\server\servercore\x64\debug\pch.obj
f:\perforce\server\server\servercore\x64\debug\recvbuffer.obj
f:\perforce\server\server\servercore\x64\debug\netaddress.obj
f:\perforce\server\server\servercore\x64\debug\memorypool.obj
f:\perforce\server\server\servercore\x64\debug\memory.obj
f:\perforce\server\server\servercore\x64\debug\lock.obj
f:\perforce\server\server\servercore\x64\debug\listener.obj
f:\perforce\server\server\servercore\x64\debug\jobqueue.obj
f:\perforce\server\server\servercore\x64\debug\lockqueue.obj
f:\perforce\server\server\servercore\x64\debug\jobtimer.obj
f:\perforce\server\server\servercore\x64\debug\job.obj
f:\perforce\server\server\servercore\x64\debug\iocpevent.obj
f:\perforce\server\server\servercore\x64\debug\iocpcore.obj
f:\perforce\server\server\servercore\x64\debug\globalqueue.obj
f:\perforce\server\server\servercore\x64\debug\deadlockprofiler.obj
f:\perforce\server\server\servercore\x64\debug\coretls.obj
f:\perforce\server\server\servercore\x64\debug\corepch.obj
f:\perforce\server\server\servercore\x64\debug\coreglobal.obj
f:\perforce\server\server\servercore\x64\debug\bufferwriter.obj
f:\perforce\server\server\servercore\x64\debug\bufferreader.obj
f:\perforce\server\server\servercore\x64\debug\allocator.obj
f:\perforce\server\server\servercore\x64\debug\threadmanager.obj
f:\perforce\server\server\servercore\x64\debug\socketutils.obj
f:\perforce\server\server\servercore\x64\debug\session.obj
f:\perforce\server\server\servercore\x64\debug\service.obj
f:\perforce\server\server\servercore\x64\debug\sendbuffer.obj
f:\perforce\server\server\servercore\x64\debug\refcounting.obj
f:\perforce\server\server\libraries\libs\servercore\debug\servercore.lib
f:\perforce\server\server\servercore\x64\debug\servercore.tlog\cl.command.1.tlog
f:\perforce\server\server\servercore\x64\debug\servercore.tlog\cl.items.tlog
f:\perforce\server\server\servercore\x64\debug\servercore.tlog\cl.read.1.tlog
f:\perforce\server\server\servercore\x64\debug\servercore.tlog\cl.write.1.tlog
f:\perforce\server\server\servercore\x64\debug\servercore.tlog\lib-link.read.1.tlog
f:\perforce\server\server\servercore\x64\debug\servercore.tlog\lib-link.write.1.tlog
f:\perforce\server\server\servercore\x64\debug\servercore.tlog\lib.command.1.tlog
