c:\users\spib0\desktop\server\dummyclient\x64\debug\dummyclient.pch
c:\users\spib0\desktop\server\dummyclient\x64\debug\vc143.pdb
c:\users\spib0\desktop\server\dummyclient\x64\debug\vc143.idb
c:\users\spib0\desktop\server\dummyclient\x64\debug\pch.obj
c:\users\spib0\desktop\server\dummyclient\x64\debug\dummyclient.obj
c:\users\spib0\desktop\server\dummyclient\x64\debug\clientpackethandler.obj
c:\users\spib0\desktop\server\dummyclient\x64\debug\struct.pb.obj
c:\users\spib0\desktop\server\dummyclient\x64\debug\protocol.pb.obj
c:\users\spib0\desktop\server\dummyclient\x64\debug\enum.pb.obj
f:\unrealservertest\server\dummyclient\x64\debug\dummyclient.pch
f:\unrealservertest\server\dummyclient\x64\debug\vc143.pdb
f:\unrealservertest\server\dummyclient\x64\debug\vc143.idb
f:\unrealservertest\server\dummyclient\x64\debug\pch.obj
c:\users\spib0\desktop\server\binary\debug\dummyclient.exe
c:\users\spib0\desktop\server\binary\debug\dummyclient.pdb
c:\users\spib0\desktop\server\dummyclient\x64\debug\dummyclient.ilk
f:\unrealservertest\server\dummyclient\x64\debug\clientpackethandler.obj
f:\unrealservertest\server\dummyclient\x64\debug\dummyclient.obj
f:\unrealservertest\server\dummyclient\x64\debug\enum.pb.obj
f:\unrealservertest\server\dummyclient\x64\debug\protocol.pb.obj
f:\unrealservertest\server\dummyclient\x64\debug\struct.pb.obj
f:\unrealservertest\server\dummyclient\x64\debug\dummyclient.ilk
f:\unrealservertest\server\binary\debug\dummyclient.pdb
f:\unrealservertest\server\binary\debug\dummyclient.exe
f:\unrealservertest\server\dummyclient\x64\debug\dummyclient.tlog\cl.command.1.tlog
f:\unrealservertest\server\dummyclient\x64\debug\dummyclient.tlog\cl.items.tlog
f:\unrealservertest\server\dummyclient\x64\debug\dummyclient.tlog\cl.read.1.tlog
f:\unrealservertest\server\dummyclient\x64\debug\dummyclient.tlog\cl.write.1.tlog
f:\unrealservertest\server\dummyclient\x64\debug\dummyclient.tlog\link.command.1.tlog
f:\unrealservertest\server\dummyclient\x64\debug\dummyclient.tlog\link.read.1.tlog
f:\unrealservertest\server\dummyclient\x64\debug\dummyclient.tlog\link.secondary.1.tlog
f:\unrealservertest\server\dummyclient\x64\debug\dummyclient.tlog\link.write.1.tlog
